[ 2024-11-21 22:10:46,250 ] 25 root - INFO - write a get data transformation fucntion to transform the data
[ 2024-11-21 22:10:46,252 ] 18 root - INFO - take the decorator class for not use the init methos to create a varible
[ 2024-11-21 22:10:46,253 ] 32 root - INFO - read the data
[ 2024-11-21 22:10:46,266 ] 34 root - INFO - create a directory for the arifacts folder
[ 2024-11-21 22:10:46,266 ] 37 root - INFO - pass the raw data to the folder
[ 2024-11-21 22:10:46,319 ] 41 root - INFO - split the data train and test data
[ 2024-11-21 22:10:46,324 ] 44 root - INFO - pass the train data to the path
[ 2024-11-21 22:10:46,371 ] 47 root - INFO - pass the test data to the path
[ 2024-11-21 22:10:46,378 ] 50 root - INFO - return the train and test data for the next process
[ 2024-11-21 22:10:46,392 ] 91 root - INFO - Creating preprocessor object
[ 2024-11-21 22:10:46,392 ] 55 root - INFO - return the preprocessor
[ 2024-11-21 22:10:46,392 ] 97 root - INFO - split the target from the both train and test data
[ 2024-11-21 22:10:46,395 ] 104 root - INFO - apply preprocessor for the train and test data
[ 2024-11-21 22:10:46,427 ] 108 root - INFO - combine the target and input data for the train and test
[ 2024-11-21 22:10:46,432 ] 123 root - INFO - return the train and test array
[ 2024-11-21 22:10:46,432 ] 27 root - INFO - take the x_train,y_train,x_tets,y_test data
[ 2024-11-21 22:10:46,433 ] 37 root - INFO - take the models
[ 2024-11-21 22:11:03,852 ] 54 root - INFO - best score calculated
[ 2024-11-21 22:11:03,852 ] 62 root - INFO - find the best model
[ 2024-11-21 22:11:03,852 ] 67 root - INFO - check the relation
[ 2024-11-21 22:11:03,852 ] 70 root - INFO - we get a good model  both on training and testing data
[ 2024-11-21 22:11:03,939 ] 77 root - INFO - Make the prediction
[ 2024-11-21 22:11:03,980 ] 81 root - INFO - calculate accuracy score
