[ 2024-11-21 22:05:04,254 ] 25 root - INFO - write a get data transformation fucntion to transform the data
[ 2024-11-21 22:05:04,254 ] 18 root - INFO - take the decorator class for not use the init methos to create a varible
[ 2024-11-21 22:05:04,254 ] 32 root - INFO - read the data
[ 2024-11-21 22:05:04,270 ] 34 root - INFO - create a directory for the arifacts folder
[ 2024-11-21 22:05:04,270 ] 37 root - INFO - pass the raw data to the folder
[ 2024-11-21 22:05:04,317 ] 41 root - INFO - split the data train and test data
[ 2024-11-21 22:05:04,333 ] 44 root - INFO - pass the train data to the path
[ 2024-11-21 22:05:04,371 ] 47 root - INFO - pass the test data to the path
[ 2024-11-21 22:05:04,381 ] 50 root - INFO - return the train and test data for the next process
[ 2024-11-21 22:05:04,398 ] 91 root - INFO - Creating preprocessor object
[ 2024-11-21 22:05:04,398 ] 55 root - INFO - return the preprocessor
[ 2024-11-21 22:05:04,398 ] 97 root - INFO - split the target from the both train and test data
[ 2024-11-21 22:05:04,398 ] 104 root - INFO - apply preprocessor for the train and test data
[ 2024-11-21 22:05:04,428 ] 108 root - INFO - combine the target and input data for the train and test
[ 2024-11-21 22:05:04,428 ] 123 root - INFO - return the train and test array
[ 2024-11-21 22:05:04,428 ] 27 root - INFO - take the x_train,y_train,x_tets,y_test data
[ 2024-11-21 22:05:04,428 ] 37 root - INFO - take the models
[ 2024-11-21 22:05:21,966 ] 54 root - INFO - best score calculated
[ 2024-11-21 22:05:21,966 ] 62 root - INFO - find the best model
[ 2024-11-21 22:05:21,975 ] 67 root - INFO - check the relation
[ 2024-11-21 22:05:21,975 ] 70 root - INFO - we get a good model  both on training and testing data
[ 2024-11-21 22:05:22,061 ] 77 root - INFO - Make the prediction
[ 2024-11-21 22:05:22,109 ] 81 root - INFO - calculate accuracy score
