[ 2024-11-21 22:23:30,045 ] 25 root - INFO - write a get data transformation fucntion to transform the data
[ 2024-11-21 22:23:30,048 ] 18 root - INFO - take the decorator class for not use the init methos to create a varible
[ 2024-11-21 22:23:30,048 ] 32 root - INFO - read the data
[ 2024-11-21 22:23:30,077 ] 34 root - INFO - create a directory for the arifacts folder
[ 2024-11-21 22:23:30,080 ] 37 root - INFO - pass the raw data to the folder
[ 2024-11-21 22:23:30,127 ] 41 root - INFO - split the data train and test data
[ 2024-11-21 22:23:30,135 ] 44 root - INFO - pass the train data to the path
[ 2024-11-21 22:23:30,176 ] 47 root - INFO - pass the test data to the path
[ 2024-11-21 22:23:30,178 ] 50 root - INFO - return the train and test data for the next process
[ 2024-11-21 22:23:30,178 ] 72 root - INFO - Creating preprocessor object
[ 2024-11-21 22:23:30,178 ] 36 root - INFO - return the preprocessor
[ 2024-11-21 22:23:30,178 ] 78 root - INFO - split the target from the both train and test data
[ 2024-11-21 22:23:30,178 ] 85 root - INFO - apply preprocessor for the train and test data
[ 2024-11-21 22:23:30,208 ] 89 root - INFO - combine the target and input data for the train and test
[ 2024-11-21 22:23:30,208 ] 104 root - INFO - return the train and test array
[ 2024-11-21 22:23:30,208 ] 27 root - INFO - take the x_train,y_train,x_tets,y_test data
[ 2024-11-21 22:23:30,208 ] 37 root - INFO - take the models
[ 2024-11-21 22:23:47,817 ] 54 root - INFO - best score calculated
[ 2024-11-21 22:23:47,817 ] 62 root - INFO - find the best model
[ 2024-11-21 22:23:47,829 ] 67 root - INFO - check the relation
[ 2024-11-21 22:23:47,829 ] 70 root - INFO - we get a good model  both on training and testing data
[ 2024-11-21 22:23:47,982 ] 77 root - INFO - Make the prediction
[ 2024-11-21 22:23:48,023 ] 81 root - INFO - calculate accuracy score
